<?xml version="1.0" encoding="UTF-8"?>
<!-- Generated by org.testng.reporters.JUnitXMLReporter -->
<testsuite hostname="Ted-PC" ignored="4" name="PersonalLoan" tests="4" failures="0" timestamp="09 Feb 2018 03:13:19 GMT" time="0.054" errors="0">
  <testcase name="FirstTestcase" time="0.006" classname="test.Day1"/>
  <testcase name="SecondTestcase" time="0.001" classname="test.Day1"/>
  <testcase name="LoginAPICarLoan" time="0.002" classname="test.Day3"/>
  <testcase name="Weblogin" time="0.005" classname="test.Day3"/>
  <testcase name="MobileExecute1" time="0.0" classname="test.Day3">
    <ignored/>
  </testcase> <!-- MobileExecute1 -->
  <testcase name="MobileloginCarLoan" time="0.0" classname="test.Day3">
    <ignored/>
  </testcase> <!-- MobileloginCarLoan -->
  <testcase name="MobileExecute2" time="0.0" classname="test.Day3">
    <ignored/>
  </testcase> <!-- MobileExecute2 -->
  <testcase name="MobileExecute3" time="0.0" classname="test.Day3">
    <ignored/>
  </testcase> <!-- MobileExecute3 -->
</testsuite> <!-- PersonalLoan -->
