<?xml version="1.0" encoding="UTF-8"?>
<!-- Generated by org.testng.reporters.JUnitXMLReporter -->
<testsuite hostname="Ted-PC" ignored="7" name="Regression" tests="2" failures="0" timestamp="09 Feb 2018 03:40:16 GMT" time="0.04" errors="0">
  <testcase name="loan" time="0.01" classname="test.Day2"/>
  <testcase name="LoginAPICarLoan" time="0.0" classname="test.Day3"/>
  <testcase name="MobileExecute1" time="0.0" classname="test.Day3">
    <ignored/>
  </testcase> <!-- MobileExecute1 -->
  <testcase name="MobileloginCarLoan" time="0.0" classname="test.Day3">
    <ignored/>
  </testcase> <!-- MobileloginCarLoan -->
  <testcase name="MobileExecute2" time="0.0" classname="test.Day3">
    <ignored/>
  </testcase> <!-- MobileExecute2 -->
  <testcase name="FirstTestcase" time="0.0" classname="test.Day1">
    <ignored/>
  </testcase> <!-- FirstTestcase -->
  <testcase name="Weblogin" time="0.0" classname="test.Day3">
    <ignored/>
  </testcase> <!-- Weblogin -->
  <testcase name="MobileExecute3" time="0.0" classname="test.Day3">
    <ignored/>
  </testcase> <!-- MobileExecute3 -->
  <testcase name="SecondTestcase" time="0.0" classname="test.Day1">
    <ignored/>
  </testcase> <!-- SecondTestcase -->
</testsuite> <!-- Regression -->
