<?xml version="1.0" encoding="UTF-8"?>
<testng-results skipped="0" failed="0" ignored="0" total="6" passed="6">
  <reporter-output>
  </reporter-output>
  <suite name="Default suite" duration-ms="40" started-at="2018-02-09T04:16:23Z" finished-at="2018-02-09T04:16:23Z">
    <groups>
    </groups>
    <test name="Default test" duration-ms="40" started-at="2018-02-09T04:16:23Z" finished-at="2018-02-09T04:16:23Z">
      <class name="test.Day3">
        <test-method status="PASS" signature="bfsuite()[pri:0, instance:test.Day3@396a51ab]" name="bfsuite" is-config="true" duration-ms="10" started-at="2018-02-09T11:16:23Z" finished-at="2018-02-09T11:16:23Z">
          <reporter-output>
          </reporter-output>
        </test-method> <!-- bfsuite -->
        <test-method status="PASS" signature="beforeClass()[pri:0, instance:test.Day3@396a51ab]" name="beforeClass" is-config="true" duration-ms="0" started-at="2018-02-09T11:16:23Z" finished-at="2018-02-09T11:16:23Z">
          <reporter-output>
          </reporter-output>
        </test-method> <!-- beforeClass -->
        <test-method status="PASS" signature="MobileExecute3()[pri:0, instance:test.Day3@396a51ab]" name="MobileExecute3" duration-ms="10" started-at="2018-02-09T11:16:23Z" finished-at="2018-02-09T11:16:23Z">
          <reporter-output>
          </reporter-output>
        </test-method> <!-- MobileExecute3 -->
        <test-method status="PASS" signature="Weblogin()[pri:0, instance:test.Day3@396a51ab]" name="Weblogin" duration-ms="10" started-at="2018-02-09T11:16:23Z" finished-at="2018-02-09T11:16:23Z">
          <reporter-output>
          </reporter-output>
        </test-method> <!-- Weblogin -->
        <test-method status="PASS" signature="MobileExecute2()[pri:0, instance:test.Day3@396a51ab]" name="MobileExecute2" duration-ms="10" started-at="2018-02-09T11:16:23Z" finished-at="2018-02-09T11:16:23Z">
          <reporter-output>
          </reporter-output>
        </test-method> <!-- MobileExecute2 -->
        <test-method status="PASS" signature="MobileExecute1()[pri:0, instance:test.Day3@396a51ab]" name="MobileExecute1" duration-ms="0" started-at="2018-02-09T11:16:23Z" finished-at="2018-02-09T11:16:23Z">
          <reporter-output>
          </reporter-output>
        </test-method> <!-- MobileExecute1 -->
        <test-method status="PASS" signature="LoginAPICarLoan()[pri:0, instance:test.Day3@396a51ab]" name="LoginAPICarLoan" duration-ms="0" started-at="2018-02-09T11:16:23Z" depends-on-methods="test.Day3.Weblogin" finished-at="2018-02-09T11:16:23Z">
          <reporter-output>
          </reporter-output>
        </test-method> <!-- LoginAPICarLoan -->
        <test-method status="PASS" signature="MobileloginCarLoan()[pri:0, instance:test.Day3@396a51ab]" name="MobileloginCarLoan" duration-ms="0" started-at="2018-02-09T11:16:23Z" finished-at="2018-02-09T11:16:23Z">
          <reporter-output>
          </reporter-output>
        </test-method> <!-- MobileloginCarLoan -->
        <test-method status="PASS" signature="afterClass()[pri:0, instance:test.Day3@396a51ab]" name="afterClass" is-config="true" duration-ms="0" started-at="2018-02-09T11:16:23Z" finished-at="2018-02-09T11:16:23Z">
          <reporter-output>
          </reporter-output>
        </test-method> <!-- afterClass -->
      </class> <!-- test.Day3 -->
    </test> <!-- Default test -->
  </suite> <!-- Default suite -->
</testng-results>
