<?xml version="1.0" encoding="UTF-8"?>
<!-- Generated by org.testng.reporters.JUnitXMLReporter -->
<testsuite hostname="Ted-PC" ignored="0" name="Default test" tests="6" failures="0" timestamp="09 Feb 2018 04:16:23 GMT" time="0.04" errors="0">
  <testcase name="MobileExecute3" time="0.01" classname="test.Day3"/>
  <testcase name="Weblogin" time="0.01" classname="test.Day3"/>
  <testcase name="MobileExecute1" time="0.0" classname="test.Day3"/>
  <testcase name="MobileExecute2" time="0.01" classname="test.Day3"/>
  <testcase name="MobileloginCarLoan" time="0.0" classname="test.Day3"/>
  <testcase name="LoginAPICarLoan" time="0.0" classname="test.Day3"/>
</testsuite> <!-- Default test -->
